{
  "RSpec": {
    "coverage": {
      "/home/ubuntu/workspace/Fantasy-Track/app/helpers/application_helper.rb": [
        1,
        null,
        null,
        1,
        0,
        0,
        0,
        null,
        0,
        null,
        null,
        null
      ],
      "/home/ubuntu/workspace/Fantasy-Track/app/helpers/sessions_helper.rb": [
        1,
        null,
        null,
        1,
        0,
        null,
        null,
        null,
        1,
        0,
        0,
        0,
        null,
        null,
        null,
        1,
        0,
        0,
        0,
        0,
        0,
        0,
        0,
        null,
        null,
        null,
        null,
        null,
        null,
        1,
        0,
        null,
        null,
        null,
        1,
        0,
        0,
        0,
        null,
        null,
        null,
        null,
        1,
        0,
        0,
        0,
        null,
        null
      ],
      "/home/ubuntu/workspace/Fantasy-Track/app/helpers/users_helper.rb": [
        1,
        null,
        null,
        1,
        0,
        0,
        0,
        0,
        null,
        null,
        null
      ],
      "/home/ubuntu/workspace/Fantasy-Track/app/controllers/application_controller.rb": [
        1,
        null,
        null,
        1,
        0,
        null,
        1,
        1,
        null,
        null
      ],
      "/home/ubuntu/workspace/Fantasy-Track/app/controllers/athletes_controller.rb": [
        1,
        null,
        1,
        0,
        0,
        null,
        null,
        1,
        0,
        null,
        null,
        1,
        0,
        0,
        null,
        null,
        1,
        0,
        null,
        null,
        1,
        0,
        0,
        0,
        0,
        null,
        null,
        null,
        1,
        0,
        0,
        0,
        0,
        null,
        0,
        null,
        null,
        null,
        1,
        0,
        0,
        0,
        0,
        null,
        null,
        1,
        null,
        1,
        0,
        null,
        null
      ],
      "/home/ubuntu/workspace/Fantasy-Track/app/controllers/events_controller.rb": [
        1,
        1,
        1,
        1,
        null,
        1,
        0,
        0,
        null,
        null,
        1,
        0,
        null,
        null,
        1,
        0,
        0,
        null,
        0,
        0,
        0,
        null,
        0,
        null,
        null,
        null,
        1,
        0,
        0,
        0,
        0,
        0,
        null,
        null,
        1,
        null,
        0,
        0,
        0,
        null,
        0,
        null,
        null,
        1,
        null,
        0,
        0,
        0,
        0,
        null,
        null,
        1,
        0,
        0,
        0,
        0,
        null,
        0,
        null,
        null,
        1,
        null,
        1,
        0,
        null,
        null
      ],
      "/home/ubuntu/workspace/Fantasy-Track/app/controllers/leagues_controller.rb": [
        1,
        1,
        1,
        1,
        1,
        1,
        null,
        1,
        null,
        null,
        null,
        0,
        0,
        0,
        null,
        null,
        1,
        0,
        null,
        null,
        1,
        0,
        null,
        0,
        0,
        null,
        0,
        null,
        null,
        null,
        null,
        1,
        0,
        0,
        null,
        null,
        0,
        null,
        null,
        1,
        0,
        null,
        null,
        1,
        null,
        null,
        null,
        1,
        0,
        0,
        0,
        null,
        0,
        null,
        null,
        1,
        0,
        null,
        null,
        1,
        0,
        0,
        0,
        0,
        0,
        0,
        null,
        0,
        null,
        null,
        null,
        1,
        0,
        0,
        0,
        0,
        0,
        0,
        0,
        0,
        null,
        0,
        null,
        null,
        null,
        1,
        null,
        1,
        0,
        null,
        null,
        1,
        0,
        null,
        null
      ],
      "/home/ubuntu/workspace/Fantasy-Track/app/controllers/meets_controller.rb": [
        1,
        null,
        1,
        0,
        0,
        0,
        0,
        null,
        null,
        1,
        0,
        null,
        null,
        1,
        0,
        null,
        null,
        1,
        0,
        0,
        0,
        0,
        null,
        0,
        null,
        null,
        null,
        1,
        0,
        0,
        0,
        0,
        null,
        null,
        1,
        null,
        1,
        0,
        null,
        null
      ],
      "/home/ubuntu/workspace/Fantasy-Track/app/controllers/sessions_controller.rb": [
        1,
        1,
        null,
        null,
        1,
        0,
        0,
        0,
        0,
        0,
        0,
        0,
        0,
        0,
        0,
        0,
        null,
        0,
        0,
        null,
        null,
        0,
        0,
        null,
        null,
        null,
        1,
        0,
        0,
        null,
        null,
        1,
        0,
        0,
        0,
        null,
        0,
        null,
        null,
        null
      ],
      "/home/ubuntu/workspace/Fantasy-Track/app/controllers/users_controller.rb": [
        1,
        null,
        1,
        0,
        null,
        null,
        1,
        0,
        null,
        null,
        null,
        1,
        0,
        0,
        0,
        0,
        0,
        null,
        0,
        null,
        null,
        null,
        1,
        0,
        0,
        0,
        0,
        null,
        0,
        null,
        null,
        null,
        1,
        null,
        1,
        0,
        null,
        null,
        null
      ],
      "/home/ubuntu/workspace/Fantasy-Track/app/models/athlete.rb": [
        1,
        1,
        null,
        null,
        null,
        1,
        null,
        1,
        null
      ]
    },
    "timestamp": 1448054377
  },
  "Cucumber Features": {
    "coverage": {
      "/home/ubuntu/workspace/Fantasy-Track/app/models/user.rb": [
        1,
        1,
        1,
        null,
        null,
        1,
        1,
        null,
        null,
        1,
        null,
        null,
        null,
        1,
        null,
        1,
        0,
        0,
        0,
        null,
        null,
        null,
        1,
        null,
        1,
        1,
        null,
        null,
        1,
        null,
        1,
        null,
        null,
        null,
        1,
        null,
        1,
        0,
        null,
        0,
        null,
        null,
        null,
        1,
        0,
        null,
        null,
        null,
        1,
        0,
        0,
        null,
        null,
        null,
        1,
        0,
        0,
        null,
        null,
        null,
        1,
        2,
        null,
        null,
        1,
        null,
        1,
        10,
        null,
        null,
        1,
        8,
        8,
        null,
        null,
        null,
        null,
        null
      ],
      "/home/ubuntu/workspace/Fantasy-Track/app/models/meet.rb": [
        1,
        1,
        1,
        null
      ],
      "/home/ubuntu/workspace/Fantasy-Track/app/models/event.rb": [
        1,
        1,
        1,
        null,
        null,
        null,
        1,
        null
      ],
      "/home/ubuntu/workspace/Fantasy-Track/app/models/athlete.rb": [
        1,
        1,
        null,
        null,
        null,
        1,
        null,
        1,
        null
      ],
      "/home/ubuntu/workspace/Fantasy-Track/app/models/event_entrant.rb": [
        1,
        1,
        1,
        null
      ],
      "/home/ubuntu/workspace/Fantasy-Track/app/controllers/static_pages_controller.rb": [
        1,
        null,
        1,
        1,
        null,
        1,
        6,
        null,
        null,
        null,
        6,
        6,
        6,
        6,
        150,
        6,
        138,
        6,
        null,
        null,
        1,
        null,
        null,
        null,
        null,
        null,
        null
      ],
      "/home/ubuntu/workspace/Fantasy-Track/app/controllers/application_controller.rb": [
        1,
        null,
        null,
        1,
        0,
        null,
        1,
        1,
        null,
        null
      ],
      "/home/ubuntu/workspace/Fantasy-Track/app/helpers/application_helper.rb": [
        1,
        null,
        null,
        1,
        17,
        17,
        0,
        null,
        17,
        null,
        null,
        null
      ],
      "/home/ubuntu/workspace/Fantasy-Track/app/helpers/sessions_helper.rb": [
        1,
        null,
        null,
        1,
        2,
        null,
        null,
        null,
        1,
        0,
        0,
        0,
        null,
        null,
        null,
        1,
        67,
        26,
        41,
        0,
        0,
        0,
        0,
        null,
        null,
        null,
        null,
        null,
        null,
        1,
        67,
        null,
        null,
        null,
        1,
        2,
        2,
        2,
        null,
        null,
        null,
        null,
        1,
        0,
        0,
        0,
        null,
        null
      ],
      "/home/ubuntu/workspace/Fantasy-Track/app/helpers/users_helper.rb": [
        1,
        null,
        null,
        1,
        0,
        0,
        0,
        0,
        null,
        null,
        null
      ],
      "/home/ubuntu/workspace/Fantasy-Track/app/controllers/sessions_controller.rb": [
        1,
        1,
        null,
        null,
        1,
        2,
        2,
        2,
        2,
        2,
        6,
        102,
        2,
        2,
        2,
        2,
        null,
        0,
        0,
        null,
        null,
        0,
        0,
        null,
        null,
        null,
        1,
        0,
        0,
        null,
        null,
        1,
        0,
        0,
        0,
        null,
        0,
        null,
        null,
        null
      ],
      "/home/ubuntu/workspace/Fantasy-Track/app/controllers/meets_controller.rb": [
        1,
        null,
        1,
        0,
        null,
        1,
        null,
        1,
        3,
        3,
        3,
        3,
        null,
        null,
        1,
        0,
        null,
        null,
        1,
        4,
        null,
        null,
        1,
        0,
        0,
        0,
        0,
        null,
        0,
        null,
        null,
        null,
        1,
        0,
        0,
        0,
        0,
        null,
        null,
        1,
        null,
        1,
        0,
        null,
        null
      ],
      "/home/ubuntu/workspace/Fantasy-Track/app/controllers/events_controller.rb": [
        1,
        1,
        1,
        1,
        null,
        1,
        0,
        null,
        1,
        null,
        1,
        2,
        2,
        null,
        null,
        1,
        0,
        null,
        null,
        1,
        0,
        0,
        null,
        0,
        0,
        0,
        null,
        0,
        null,
        null,
        null,
        1,
        0,
        0,
        0,
        0,
        0,
        null,
        null,
        1,
        null,
        0,
        0,
        0,
        null,
        0,
        null,
        null,
        1,
        null,
        0,
        0,
        0,
        0,
        null,
        null,
        1,
        0,
        0,
        0,
        0,
        null,
        0,
        null,
        null,
        1,
        null,
        1,
        0,
        null,
        null
      ]
    },
    "timestamp": 1448089750
  }
}
